{
  "stats": {
    "suites": 2,
    "tests": 4,
    "passes": 2,
    "pending": 0,
    "failures": 2,
    "start": "2024-09-12T15:14:33.305Z",
    "end": "2024-09-12T15:14:36.144Z",
    "duration": 2839,
    "testsRegistered": 4,
    "passPercent": 50,
    "pendingPercent": 0,
    "other": 0,
    "hasOther": false,
    "skipped": 0,
    "hasSkipped": false
  },
  "results": [
    {
      "uuid": "d64bc487-e756-4a17-8870-a651e709edca",
      "title": "",
      "fullFile": "",
      "file": "",
      "beforeHooks": [],
      "afterHooks": [],
      "tests": [],
      "suites": [
        {
          "uuid": "9cb3dc1a-56b3-423b-a91a-d98fa8a79bbb",
          "title": "Login Test Suite",
          "fullFile": "D:\\TypeScriptSpace\\rest-api-framework-ts\\src\\tests\\login.spec.ts",
          "file": "\\src\\tests\\login.spec.ts",
          "beforeHooks": [],
          "afterHooks": [],
          "tests": [
            {
              "title": "Login with valid credentials",
              "fullTitle": "Login Test Suite Login with valid credentials",
              "timedOut": false,
              "duration": 996,
              "state": "passed",
              "speed": "slow",
              "pass": true,
              "fail": false,
              "pending": false,
              "context": null,
              "code": "let payload = {\n    \"email\": \"eve.holt@reqres.in\",\n    \"password\": \"cityslicka\"\n};\nconst response = await getRequest().post('/api/login')\n    .set('Accept', 'application/json')\n    .send(payload);\nexpect(response.status).to.equal(200);\nconsole.log(\"response\", response.body);",
              "err": {},
              "uuid": "838163ed-4179-4aca-83f0-6c01a636338a",
              "parentUUID": "9cb3dc1a-56b3-423b-a91a-d98fa8a79bbb",
              "isHook": false,
              "skipped": false
            }
          ],
          "suites": [],
          "passes": [
            "838163ed-4179-4aca-83f0-6c01a636338a"
          ],
          "failures": [],
          "pending": [],
          "skipped": [],
          "duration": 996,
          "root": false,
          "rootEmpty": false,
          "_timeout": 3000000
        },
        {
          "uuid": "355f122c-2624-4447-a42c-77f7020f866e",
          "title": "User Test Suite",
          "fullFile": "D:\\TypeScriptSpace\\rest-api-framework-ts\\src\\tests\\user.spec.ts",
          "file": "\\src\\tests\\user.spec.ts",
          "beforeHooks": [
            {
              "title": "\"before each\" hook in \"User Test Suite\"",
              "fullTitle": "User Test Suite \"before each\" hook in \"User Test Suite\"",
              "timedOut": false,
              "duration": 0,
              "state": null,
              "speed": null,
              "pass": false,
              "fail": false,
              "pending": false,
              "context": null,
              "code": "",
              "err": {},
              "uuid": "cbafe9eb-f582-4925-aaed-ff735ca8dae4",
              "parentUUID": "355f122c-2624-4447-a42c-77f7020f866e",
              "isHook": true,
              "skipped": false
            }
          ],
          "afterHooks": [],
          "tests": [
            {
              "title": "Get user by Id",
              "fullTitle": "User Test Suite Get user by Id",
              "timedOut": false,
              "duration": 322,
              "state": "passed",
              "speed": "slow",
              "pass": true,
              "fail": false,
              "pending": false,
              "context": null,
              "code": "const response = await getRequest().get('/api/user/2').set('Accept', 'application/json');\nexpect(response.status).to.equal(200);\nconsole.log(\"Get user by Id response\", response.body);",
              "err": {},
              "uuid": "d7f96113-9ad3-4c15-a006-829c50aa36f6",
              "parentUUID": "355f122c-2624-4447-a42c-77f7020f866e",
              "isHook": false,
              "skipped": false
            },
            {
              "title": "Create UserQQQQ",
              "fullTitle": "User Test Suite Create UserQQQQ",
              "timedOut": false,
              "duration": 699,
              "state": "failed",
              "speed": null,
              "pass": false,
              "fail": true,
              "pending": false,
              "context": null,
              "code": "const requestBody = {\n    username: 'user1',\n    password: 'password123'\n};\nconst req = request.post('/api/users').send(requestBody);\n// console.log(\"REQUESTTTTTTTTTTTTT ------\", (await req).body);\nconst res = await sendRequest(this, req, requestBody);\nexpect(res.status).to.equal(200);\n// Manually log request and response for reporting\nconsole.log(\"Request Body:\", this.test.requestBody);\nconsole.log(\"Response Body:\", this.test.responseBody);",
              "err": {
                "message": "AssertionError: expected 201 to equal 200",
                "estack": "AssertionError: expected 201 to equal 200\n    at Context.<anonymous> (file:///D:/TypeScriptSpace/rest-api-framework-ts/src/tests/user.spec.ts:19:31)\n    at processTicksAndRejections (node:internal/process/task_queues:95:5)",
                "diff": [
                  {
                    "count": 1,
                    "added": null,
                    "removed": true,
                    "value": "201"
                  },
                  {
                    "count": 1,
                    "added": true,
                    "removed": null,
                    "value": "200"
                  }
                ]
              },
              "uuid": "ec5af6ff-dfa3-4ac8-87d4-6c95c848f24c",
              "parentUUID": "355f122c-2624-4447-a42c-77f7020f866e",
              "isHook": false,
              "skipped": false
            },
            {
              "title": "Create User",
              "fullTitle": "User Test Suite Create User",
              "timedOut": false,
              "duration": 807,
              "state": "failed",
              "speed": null,
              "pass": false,
              "fail": true,
              "pending": false,
              "context": null,
              "code": "let payload = {\n    \"name\": \"morpheus\",\n    \"job\": \"leader\"\n};\nconst req = request.post('/api/users').send(payload);\nconst res = await sendRequest(this, req, payload);\n// const response = await getRequest().post('/api/users')\n//     .set('Accept', 'application/json')\n//     .send(payload)\nexpect(res.status).to.equal(200);\nconsole.log(\"Create User response\", res.body);",
              "err": {
                "message": "AssertionError: expected 201 to equal 200",
                "estack": "AssertionError: expected 201 to equal 200\n    at Context.<anonymous> (file:///D:/TypeScriptSpace/rest-api-framework-ts/src/tests/user.spec.ts:34:31)\n    at processTicksAndRejections (node:internal/process/task_queues:95:5)",
                "diff": [
                  {
                    "count": 1,
                    "added": null,
                    "removed": true,
                    "value": "201"
                  },
                  {
                    "count": 1,
                    "added": true,
                    "removed": null,
                    "value": "200"
                  }
                ]
              },
              "uuid": "e83b56f4-2948-4e59-b2d1-8c4d0d2fcebb",
              "parentUUID": "355f122c-2624-4447-a42c-77f7020f866e",
              "isHook": false,
              "skipped": false
            }
          ],
          "suites": [],
          "passes": [
            "d7f96113-9ad3-4c15-a006-829c50aa36f6"
          ],
          "failures": [
            "ec5af6ff-dfa3-4ac8-87d4-6c95c848f24c",
            "e83b56f4-2948-4e59-b2d1-8c4d0d2fcebb"
          ],
          "pending": [],
          "skipped": [],
          "duration": 1828,
          "root": false,
          "rootEmpty": false,
          "_timeout": 3000000
        }
      ],
      "passes": [],
      "failures": [],
      "pending": [],
      "skipped": [],
      "duration": 0,
      "root": true,
      "rootEmpty": true,
      "_timeout": 3000000
    }
  ],
  "meta": {
    "mocha": {
      "version": "10.7.3"
    },
    "mochawesome": {
      "options": {
        "quiet": true,
        "reportFilename": "API TEST Report",
        "saveHtml": true,
        "saveJson": true,
        "consoleReporter": "Spec",
        "useInlineDiffs": true,
        "code": true
      },
      "version": "7.1.3"
    },
    "marge": {
      "options": {
        "reportFilename": "API TEST Report",
        "timestamp": "longDate",
        "showHooks": "always",
        "showPassed": "true",
        "showFailed": "true",
        "showPending": "true",
        "showSkipped": "true",
        "reportPageTitle": "Otalio Report",
        "quiet": "true",
        "consoleReporter": "Spec"
      },
      "version": "6.2.0"
    }
  }
}